0 info it worked if it ends with ok
1 verbose cli [ '/Users/thomaslau/n/bin/node',
1 verbose cli   '/Users/thomaslau/n/bin/npm',
1 verbose cli   'publish' ]
2 info using npm@3.10.9
3 info using node@v7.1.0
4 verbose publish [ '.' ]
5 silly cache add args [ '.', null ]
6 verbose cache add spec .
7 silly cache add parsed spec Result {
7 silly cache add   raw: '.',
7 silly cache add   scope: null,
7 silly cache add   escapedName: null,
7 silly cache add   name: null,
7 silly cache add   rawSpec: '.',
7 silly cache add   spec: '/Users/thomaslau/WebstormProjects/DatetimeSelect',
7 silly cache add   type: 'directory' }
8 verbose addLocalDirectory /Users/thomaslau/.npm/datetime_select/1.0.1/package.tgz not in flight; packing
9 verbose correctMkdir /Users/thomaslau/.npm correctMkdir not in flight; initializing
10 info lifecycle datetime_select@1.0.1~prepublish: datetime_select@1.0.1
11 silly lifecycle datetime_select@1.0.1~prepublish: no script for prepublish, continuing
12 verbose tar pack [ '/Users/thomaslau/.npm/datetime_select/1.0.1/package.tgz',
12 verbose tar pack   '/Users/thomaslau/WebstormProjects/DatetimeSelect' ]
13 verbose tarball /Users/thomaslau/.npm/datetime_select/1.0.1/package.tgz
14 verbose folder /Users/thomaslau/WebstormProjects/DatetimeSelect
15 verbose addLocalTarball adding from inside cache /Users/thomaslau/.npm/datetime_select/1.0.1/package.tgz
16 verbose correctMkdir /Users/thomaslau/.npm correctMkdir not in flight; initializing
17 silly cache afterAdd datetime_select@1.0.1
18 verbose afterAdd /Users/thomaslau/.npm/datetime_select/1.0.1/package/package.json not in flight; writing
19 verbose correctMkdir /Users/thomaslau/.npm correctMkdir not in flight; initializing
20 verbose afterAdd /Users/thomaslau/.npm/datetime_select/1.0.1/package/package.json written
21 silly publish { name: 'datetime_select',
21 silly publish   version: '1.0.1',
21 silly publish   description: 'datetime select',
21 silly publish   main: './js/datetime_select.min.js',
21 silly publish   repository:
21 silly publish    { type: 'git',
21 silly publish      url: 'git+https://github.com/ThomasLiu/DatetimeSelect.git' },
21 silly publish   keywords: [ 'datetime', 'select' ],
21 silly publish   author: { name: 'Thomas Lau' },
21 silly publish   license: 'ISC',
21 silly publish   bugs: { url: 'https://github.com/ThomasLiu/DatetimeSelect/issues' },
21 silly publish   homepage: 'https://github.com/ThomasLiu/DatetimeSelect#readme',
21 silly publish   devDependencies:
21 silly publish    { del: '^2.1.0',
21 silly publish      gulp: '^3.9.0',
21 silly publish      'gulp-concat': '^2.6.0',
21 silly publish      'gulp-jshint': '^2.0.0',
21 silly publish      'gulp-minify-css': '^1.2.1',
21 silly publish      'gulp-rename': '^1.2.2',
21 silly publish      'gulp-uglify': '^1.5.1',
21 silly publish      jshint: '^2.8.0' },
21 silly publish   readme: '# DatetimeSelect\n基于select的日期选择\n[Datetime Select API](http://thomas-lau.com.s3-website-us-east-1.amazonaws.com)',
21 silly publish   readmeFilename: 'README.md',
21 silly publish   gitHead: '8205aec72243d7932db0a5eabc17cbe3e51127ca',
21 silly publish   _id: 'datetime_select@1.0.1',
21 silly publish   scripts: {},
21 silly publish   _shasum: 'f1146f670be0c843f4fa883116c97aec9997a1cf',
21 silly publish   _from: '.' }
22 verbose getPublishConfig undefined
23 silly mapToRegistry name datetime_select
24 silly mapToRegistry using default registry
25 silly mapToRegistry registry https://registry.npmjs.org/
26 silly mapToRegistry data Result {
26 silly mapToRegistry   raw: 'datetime_select',
26 silly mapToRegistry   scope: null,
26 silly mapToRegistry   escapedName: 'datetime_select',
26 silly mapToRegistry   name: 'datetime_select',
26 silly mapToRegistry   rawSpec: '',
26 silly mapToRegistry   spec: 'latest',
26 silly mapToRegistry   type: 'tag' }
27 silly mapToRegistry uri https://registry.npmjs.org/datetime_select
28 verbose publish registryBase https://registry.npmjs.org/
29 silly publish uploading /Users/thomaslau/.npm/datetime_select/1.0.1/package.tgz
30 verbose request uri https://registry.npmjs.org/datetime_select
31 verbose request sending authorization for write operation
32 info attempt registry request try #1 at 10:53:06
33 verbose request using bearer token for auth
34 verbose request id bba9dfd85d687328
35 http request PUT https://registry.npmjs.org/datetime_select
36 http 403 https://registry.npmjs.org/datetime_select
37 verbose headers { 'content-type': 'application/json',
37 verbose headers   'cache-control': 'max-age=300',
37 verbose headers   'content-length': '95',
37 verbose headers   'accept-ranges': 'bytes',
37 verbose headers   date: 'Mon, 28 Nov 2016 02:53:07 GMT',
37 verbose headers   via: '1.1 varnish',
37 verbose headers   connection: 'keep-alive',
37 verbose headers   'x-served-by': 'cache-itm7423-ITM',
37 verbose headers   'x-cache': 'MISS',
37 verbose headers   'x-cache-hits': '0',
37 verbose headers   'x-timer': 'S1480301587.107874,VS0,VE656',
37 verbose headers   vary: 'Accept-Encoding' }
38 verbose request invalidating /Users/thomaslau/.npm/registry.npmjs.org/datetime_select on PUT
39 error publish Failed PUT 403
40 verbose stack Error: "You cannot publish over the previously published version 1.0.1." : datetime_select
40 verbose stack     at makeError (/Users/thomaslau/n/lib/node_modules/npm/node_modules/npm-registry-client/lib/request.js:302:12)
40 verbose stack     at CachingRegistryClient.<anonymous> (/Users/thomaslau/n/lib/node_modules/npm/node_modules/npm-registry-client/lib/request.js:290:14)
40 verbose stack     at Request._callback (/Users/thomaslau/n/lib/node_modules/npm/node_modules/npm-registry-client/lib/request.js:210:14)
40 verbose stack     at Request.self.callback (/Users/thomaslau/n/lib/node_modules/npm/node_modules/request/request.js:187:22)
40 verbose stack     at emitTwo (events.js:106:13)
40 verbose stack     at Request.emit (events.js:191:7)
40 verbose stack     at Request.<anonymous> (/Users/thomaslau/n/lib/node_modules/npm/node_modules/request/request.js:1048:10)
40 verbose stack     at emitOne (events.js:96:13)
40 verbose stack     at Request.emit (events.js:188:7)
40 verbose stack     at IncomingMessage.<anonymous> (/Users/thomaslau/n/lib/node_modules/npm/node_modules/request/request.js:969:12)
41 verbose statusCode 403
42 verbose pkgid datetime_select
43 verbose cwd /Users/thomaslau/WebstormProjects/DatetimeSelect
44 error Darwin 16.1.0
45 error argv "/Users/thomaslau/n/bin/node" "/Users/thomaslau/n/bin/npm" "publish"
46 error node v7.1.0
47 error npm  v3.10.9
48 error code E403
49 error "You cannot publish over the previously published version 1.0.1." : datetime_select
50 error If you need help, you may report this error at:
50 error     <https://github.com/npm/npm/issues>
51 verbose exit [ 1, true ]
